# project NDNlive (0.2) configured on Thu Aug 23 17:45:04 2018 by
# waf 1.7.15 (abi 98, python 2070cf0 on linux2)
# using ./waf configure
#
----------------------------------------
Setting top to
/home/ndnlive/Documents/NDNlive
----------------------------------------
Setting out to
/home/ndnlive/Documents/NDNlive/build
----------------------------------------
Checking for 'gcc' (c compiler)
find program=['gcc', 'cc'] paths=['/home/ndnlive/bin', '/home/ndnlive/.local/bin', '/usr/local/sbin', '/usr/local/bin', '/usr/sbin', '/usr/bin', '/sbin', '/bin', '/usr/games', '/usr/local/games', '/snap/bin'] var='CC' -> '/usr/bin/gcc'
find program=['ar'] paths=['/home/ndnlive/bin', '/home/ndnlive/.local/bin', '/usr/local/sbin', '/usr/local/bin', '/usr/sbin', '/usr/bin', '/sbin', '/bin', '/usr/games', '/usr/local/games', '/snap/bin'] var='AR' -> '/usr/bin/ar'
/usr/bin/gcc
----------------------------------------
Checking for 'g++' (c++ compiler)
find program=['g++', 'c++'] paths=['/home/ndnlive/bin', '/home/ndnlive/.local/bin', '/usr/local/sbin', '/usr/local/bin', '/usr/sbin', '/usr/bin', '/sbin', '/bin', '/usr/games', '/usr/local/games', '/snap/bin'] var='CXX' -> '/usr/bin/g++'
(tool ar is already loaded, skipping)
/usr/bin/g++
----------------------------------------
Checking supported CXXFLAGS
==>

int main(int argc, char **argv) {
	(void)argc; (void)argv;
	return 0;
}

<==
[1/2] [32mcxx: build/.conf_check_4d05f34affdafc25f50a154f0896d226/test.cpp -> build/.conf_check_4d05f34affdafc25f50a154f0896d226/testbuild/test.cpp.1.o
[0m
['/usr/bin/g++', '-Werror', '-std=c++0x', '../test.cpp', '-c', '-o', 'test.cpp.1.o']
[2/2] [33mcxxprogram: build/.conf_check_4d05f34affdafc25f50a154f0896d226/testbuild/test.cpp.1.o -> build/.conf_check_4d05f34affdafc25f50a154f0896d226/testbuild/testprog
[0m
['/usr/bin/g++', 'test.cpp.1.o', '-o', '/home/ndnlive/Documents/NDNlive/build/.conf_check_4d05f34affdafc25f50a154f0896d226/testbuild/testprog', '-Wl,-Bstatic', '-Wl,-Bdynamic']
==>

int main(int argc, char **argv) {
	(void)argc; (void)argv;
	return 0;
}

<==
[1/2] [32mcxx: build/.conf_check_3e0f86a77438ff8e2c89d0c7399c3511/test.cpp -> build/.conf_check_3e0f86a77438ff8e2c89d0c7399c3511/testbuild/test.cpp.1.o
[0m
['/usr/bin/g++', '-Werror', '-std=c++14', '../test.cpp', '-c', '-o', 'test.cpp.1.o']
[2/2] [33mcxxprogram: build/.conf_check_3e0f86a77438ff8e2c89d0c7399c3511/testbuild/test.cpp.1.o -> build/.conf_check_3e0f86a77438ff8e2c89d0c7399c3511/testbuild/testprog
[0m
['/usr/bin/g++', 'test.cpp.1.o', '-o', '/home/ndnlive/Documents/NDNlive/build/.conf_check_3e0f86a77438ff8e2c89d0c7399c3511/testbuild/testprog', '-Wl,-Bstatic', '-Wl,-Bdynamic']
==>

int main(int argc, char **argv) {
	(void)argc; (void)argv;
	return 0;
}

<==
[1/2] [32mcxx: build/.conf_check_2a626544589fe762ab58ebb92d24f4b4/test.cpp -> build/.conf_check_2a626544589fe762ab58ebb92d24f4b4/testbuild/test.cpp.1.o
[0m
['/usr/bin/g++', '-Werror', '-stdlib=libc++', '../test.cpp', '-c', '-o', 'test.cpp.1.o']
err: g++: error: unrecognized command line option â€˜-stdlib=libc++â€™

from /home/ndnlive/Documents/NDNlive: Test does not build: Traceback (most recent call last):
  File "/home/ndnlive/Documents/NDNlive/.waf-1.7.15-81b0724e6c87060fe73ce80b83ec6372/waflib/Tools/c_config.py", line 458, in run_c_code
    bld.compile()
  File "/home/ndnlive/Documents/NDNlive/.waf-1.7.15-81b0724e6c87060fe73ce80b83ec6372/waflib/Build.py", line 188, in compile
    raise Errors.BuildError(self.producer.error)
BuildError: Build failed
 -> task in 'testprog' failed (exit status 1): 
	{task 140397274914320: cxx test.cpp -> test.cpp.1.o}
['/usr/bin/g++', '-Werror', '-stdlib=libc++', '../test.cpp', '-c', '-o', 'test.cpp.1.o']

from /home/ndnlive/Documents/NDNlive: The configuration failed
==>

int main(int argc, char **argv) {
	(void)argc; (void)argv;
	return 0;
}

<==
[1/2] [32mcxx: build/.conf_check_f7f9f1e05b2d8fbb1d3f3422f02e4338/test.cpp -> build/.conf_check_f7f9f1e05b2d8fbb1d3f3422f02e4338/testbuild/test.cpp.1.o
[0m
['/usr/bin/g++', '-Werror', '-pedantic', '../test.cpp', '-c', '-o', 'test.cpp.1.o']
[2/2] [33mcxxprogram: build/.conf_check_f7f9f1e05b2d8fbb1d3f3422f02e4338/testbuild/test.cpp.1.o -> build/.conf_check_f7f9f1e05b2d8fbb1d3f3422f02e4338/testbuild/testprog
[0m
['/usr/bin/g++', 'test.cpp.1.o', '-o', '/home/ndnlive/Documents/NDNlive/build/.conf_check_f7f9f1e05b2d8fbb1d3f3422f02e4338/testbuild/testprog', '-Wl,-Bstatic', '-Wl,-Bdynamic']
==>

int main(int argc, char **argv) {
	(void)argc; (void)argv;
	return 0;
}

<==
[1/2] [32mcxx: build/.conf_check_d7375521bb58a0ab0d5d884bec56acac/test.cpp -> build/.conf_check_d7375521bb58a0ab0d5d884bec56acac/testbuild/test.cpp.1.o
[0m
['/usr/bin/g++', '-Werror', '-Wall', '../test.cpp', '-c', '-o', 'test.cpp.1.o']
[2/2] [33mcxxprogram: build/.conf_check_d7375521bb58a0ab0d5d884bec56acac/testbuild/test.cpp.1.o -> build/.conf_check_d7375521bb58a0ab0d5d884bec56acac/testbuild/testprog
[0m
['/usr/bin/g++', 'test.cpp.1.o', '-o', '/home/ndnlive/Documents/NDNlive/build/.conf_check_d7375521bb58a0ab0d5d884bec56acac/testbuild/testprog', '-Wl,-Bstatic', '-Wl,-Bdynamic']
==>

int main(int argc, char **argv) {
	(void)argc; (void)argv;
	return 0;
}

<==
[1/2] [32mcxx: build/.conf_check_690b4679222c78730743311f1160249c/test.cpp -> build/.conf_check_690b4679222c78730743311f1160249c/testbuild/test.cpp.1.o
[0m
['/usr/bin/g++', '-Werror', '-O2', '../test.cpp', '-c', '-o', 'test.cpp.1.o']
[2/2] [33mcxxprogram: build/.conf_check_690b4679222c78730743311f1160249c/testbuild/test.cpp.1.o -> build/.conf_check_690b4679222c78730743311f1160249c/testbuild/testprog
[0m
['/usr/bin/g++', 'test.cpp.1.o', '-o', '/home/ndnlive/Documents/NDNlive/build/.conf_check_690b4679222c78730743311f1160249c/testbuild/testprog', '-Wl,-Bstatic', '-Wl,-Bdynamic']
==>

int main(int argc, char **argv) {
	(void)argc; (void)argv;
	return 0;
}

<==
[1/2] [32mcxx: build/.conf_check_352b15d437d8c4ffb021039fce9864df/test.cpp -> build/.conf_check_352b15d437d8c4ffb021039fce9864df/testbuild/test.cpp.1.o
[0m
['/usr/bin/g++', '-Werror', '-g', '../test.cpp', '-c', '-o', 'test.cpp.1.o']
[2/2] [33mcxxprogram: build/.conf_check_352b15d437d8c4ffb021039fce9864df/testbuild/test.cpp.1.o -> build/.conf_check_352b15d437d8c4ffb021039fce9864df/testbuild/testprog
[0m
['/usr/bin/g++', 'test.cpp.1.o', '-o', '/home/ndnlive/Documents/NDNlive/build/.conf_check_352b15d437d8c4ffb021039fce9864df/testbuild/testprog', '-Wl,-Bstatic', '-Wl,-Bdynamic']
-std=c++0x -std=c++14 -pedantic -Wall -O2 -g
----------------------------------------
Checking supported LINKFLAGS
==>

int main(int argc, char **argv) {
	(void)argc; (void)argv;
	return 0;
}

<==
[1/2] [32mcxx: build/.conf_check_7b1712bce7d387bb0a598634f015c484/test.cpp -> build/.conf_check_7b1712bce7d387bb0a598634f015c484/testbuild/test.cpp.1.o
[0m
['/usr/bin/g++', '-std=c++0x', '-std=c++14', '-pedantic', '-Wall', '-O2', '-g', '../test.cpp', '-c', '-o', 'test.cpp.1.o']
[2/2] [33mcxxprogram: build/.conf_check_7b1712bce7d387bb0a598634f015c484/testbuild/test.cpp.1.o -> build/.conf_check_7b1712bce7d387bb0a598634f015c484/testbuild/testprog
[0m
['/usr/bin/g++', '-Werror', '-stdlib=libc++', 'test.cpp.1.o', '-o', '/home/ndnlive/Documents/NDNlive/build/.conf_check_7b1712bce7d387bb0a598634f015c484/testbuild/testprog', '-Wl,-Bstatic', '-Wl,-Bdynamic']
err: g++: error: unrecognized command line option â€˜-stdlib=libc++â€™

from /home/ndnlive/Documents/NDNlive: Test does not build: Traceback (most recent call last):
  File "/home/ndnlive/Documents/NDNlive/.waf-1.7.15-81b0724e6c87060fe73ce80b83ec6372/waflib/Tools/c_config.py", line 458, in run_c_code
    bld.compile()
  File "/home/ndnlive/Documents/NDNlive/.waf-1.7.15-81b0724e6c87060fe73ce80b83ec6372/waflib/Build.py", line 188, in compile
    raise Errors.BuildError(self.producer.error)
BuildError: Build failed
 -> task in 'testprog' failed (exit status 1): 
	{task 140397249552784: cxxprogram test.cpp.1.o -> testprog}
['/usr/bin/g++', '-Werror', '-stdlib=libc++', 'test.cpp.1.o', '-o', '/home/ndnlive/Documents/NDNlive/build/.conf_check_7b1712bce7d387bb0a598634f015c484/testbuild/testprog', '-Wl,-Bstatic', '-Wl,-Bdynamic']

from /home/ndnlive/Documents/NDNlive: The configuration failed
----------------------------------------
Checking for program pkg-config
/usr/bin/pkg-config
find program=['pkg-config'] paths=['/home/ndnlive/bin', '/home/ndnlive/.local/bin', '/usr/local/sbin', '/usr/local/bin', '/usr/sbin', '/usr/bin', '/sbin', '/bin', '/usr/games', '/usr/local/games', '/snap/bin'] var='PKGCONFIG' -> '/usr/bin/pkg-config'
----------------------------------------
Checking for 'libndn-cxx'
['/usr/bin/pkg-config', '--cflags', '--libs', 'libndn-cxx']
out: -pthread -I/usr/local/include -L/usr/local/lib -pthread -lndn-cxx -lboost_system -lboost_filesystem -lboost_date_time -lboost_iostreams -lboost_program_options -lboost_chrono -lboost_thread -lboost_log -lboost_log_setup -lssl -lcrypto -lsqlite3 -lrt -lpthread

yes
----------------------------------------
Checking for 'gstreamer-1.0'
['/usr/bin/pkg-config', '--cflags', '--libs', 'gstreamer-1.0']
out: -pthread -I/usr/include/gstreamer-1.0 -I/usr/lib/x86_64-linux-gnu/gstreamer-1.0/include -I/usr/include/glib-2.0 -I/usr/lib/x86_64-linux-gnu/glib-2.0/include -lgstreamer-1.0 -lgobject-2.0 -lglib-2.0

yes
----------------------------------------
Checking for 'gstreamer-app-1.0'
['/usr/bin/pkg-config', '--cflags', '--libs', 'gstreamer-app-1.0']
out: -pthread -I/usr/include/gstreamer-1.0 -I/usr/lib/x86_64-linux-gnu/gstreamer-1.0/include -I/usr/include/glib-2.0 -I/usr/lib/x86_64-linux-gnu/glib-2.0/include -lgstapp-1.0 -lgstbase-1.0 -lgstreamer-1.0 -lgobject-2.0 -lglib-2.0

yes
----------------------------------------
Checking for 'Consumer-Producer-API'
['/usr/bin/pkg-config', '--cflags', '--libs', 'Consumer-Producer-API']
out: -I/usr/local/include/Consumer-Producer-API -L/usr/local/lib -lconsumerproducer

yes
----------------------------------------
Checking boost includes
1.58.0
----------------------------------------
Checking boost libs
Found the boost path in /usr/lib/x86_64-linux-gnu with the libraries:
    /usr/lib/x86_64-linux-gnu/libboost_atomic.a
    /usr/lib/x86_64-linux-gnu/libboost_atomic.so
    /usr/lib/x86_64-linux-gnu/libboost_atomic.so.1.58.0
    /usr/lib/x86_64-linux-gnu/libboost_chrono.a
    /usr/lib/x86_64-linux-gnu/libboost_chrono.so
    /usr/lib/x86_64-linux-gnu/libboost_chrono.so.1.58.0
    /usr/lib/x86_64-linux-gnu/libboost_context.a
    /usr/lib/x86_64-linux-gnu/libboost_context.so
    /usr/lib/x86_64-linux-gnu/libboost_context.so.1.58.0
    /usr/lib/x86_64-linux-gnu/libboost_coroutine.a
    /usr/lib/x86_64-linux-gnu/libboost_coroutine.so
    /usr/lib/x86_64-linux-gnu/libboost_coroutine.so.1.58.0
    /usr/lib/x86_64-linux-gnu/libboost_date_time.a
    /usr/lib/x86_64-linux-gnu/libboost_date_time.so
    /usr/lib/x86_64-linux-gnu/libboost_date_time.so.1.58.0
    /usr/lib/x86_64-linux-gnu/libboost_exception.a
    /usr/lib/x86_64-linux-gnu/libboost_filesystem.a
    /usr/lib/x86_64-linux-gnu/libboost_filesystem.so
    /usr/lib/x86_64-linux-gnu/libboost_filesystem.so.1.58.0
    /usr/lib/x86_64-linux-gnu/libboost_graph.a
    /usr/lib/x86_64-linux-gnu/libboost_graph.so
    /usr/lib/x86_64-linux-gnu/libboost_graph.so.1.58.0
    /usr/lib/x86_64-linux-gnu/libboost_graph_parallel.a
    /usr/lib/x86_64-linux-gnu/libboost_graph_parallel.so
    /usr/lib/x86_64-linux-gnu/libboost_graph_parallel.so.1.58.0
    /usr/lib/x86_64-linux-gnu/libboost_iostreams.a
    /usr/lib/x86_64-linux-gnu/libboost_iostreams.so
    /usr/lib/x86_64-linux-gnu/libboost_iostreams.so.1.58.0
    /usr/lib/x86_64-linux-gnu/libboost_locale.a
    /usr/lib/x86_64-linux-gnu/libboost_locale.so
    /usr/lib/x86_64-linux-gnu/libboost_locale.so.1.58.0
    /usr/lib/x86_64-linux-gnu/libboost_log.a
    /usr/lib/x86_64-linux-gnu/libboost_log.so
    /usr/lib/x86_64-linux-gnu/libboost_log.so.1.58.0
    /usr/lib/x86_64-linux-gnu/libboost_log_setup.a
    /usr/lib/x86_64-linux-gnu/libboost_log_setup.so
    /usr/lib/x86_64-linux-gnu/libboost_log_setup.so.1.58.0
    /usr/lib/x86_64-linux-gnu/libboost_math_c99.a
    /usr/lib/x86_64-linux-gnu/libboost_math_c99.so
    /usr/lib/x86_64-linux-gnu/libboost_math_c99.so.1.58.0
    /usr/lib/x86_64-linux-gnu/libboost_math_c99f.a
    /usr/lib/x86_64-linux-gnu/libboost_math_c99f.so
    /usr/lib/x86_64-linux-gnu/libboost_math_c99f.so.1.58.0
    /usr/lib/x86_64-linux-gnu/libboost_math_c99l.a
    /usr/lib/x86_64-linux-gnu/libboost_math_c99l.so
    /usr/lib/x86_64-linux-gnu/libboost_math_c99l.so.1.58.0
    /usr/lib/x86_64-linux-gnu/libboost_math_tr1.a
    /usr/lib/x86_64-linux-gnu/libboost_math_tr1.so
    /usr/lib/x86_64-linux-gnu/libboost_math_tr1.so.1.58.0
    /usr/lib/x86_64-linux-gnu/libboost_math_tr1f.a
    /usr/lib/x86_64-linux-gnu/libboost_math_tr1f.so
    /usr/lib/x86_64-linux-gnu/libboost_math_tr1f.so.1.58.0
    /usr/lib/x86_64-linux-gnu/libboost_math_tr1l.a
    /usr/lib/x86_64-linux-gnu/libboost_math_tr1l.so
    /usr/lib/x86_64-linux-gnu/libboost_math_tr1l.so.1.58.0
    /usr/lib/x86_64-linux-gnu/libboost_mpi.a
    /usr/lib/x86_64-linux-gnu/libboost_mpi.so
    /usr/lib/x86_64-linux-gnu/libboost_mpi.so.1.58.0
    /usr/lib/x86_64-linux-gnu/libboost_mpi_python-py27.a
    /usr/lib/x86_64-linux-gnu/libboost_mpi_python-py27.so
    /usr/lib/x86_64-linux-gnu/libboost_mpi_python-py27.so.1.58.0
    /usr/lib/x86_64-linux-gnu/libboost_mpi_python-py35.a
    /usr/lib/x86_64-linux-gnu/libboost_mpi_python-py35.so
    /usr/lib/x86_64-linux-gnu/libboost_mpi_python-py35.so.1.58.0
    /usr/lib/x86_64-linux-gnu/libboost_mpi_python.a
    /usr/lib/x86_64-linux-gnu/libboost_mpi_python.so
    /usr/lib/x86_64-linux-gnu/libboost_prg_exec_monitor.a
    /usr/lib/x86_64-linux-gnu/libboost_prg_exec_monitor.so
    /usr/lib/x86_64-linux-gnu/libboost_prg_exec_monitor.so.1.58.0
    /usr/lib/x86_64-linux-gnu/libboost_program_options.a
    /usr/lib/x86_64-linux-gnu/libboost_program_options.so
    /usr/lib/x86_64-linux-gnu/libboost_program_options.so.1.58.0
    /usr/lib/x86_64-linux-gnu/libboost_python-py27.a
    /usr/lib/x86_64-linux-gnu/libboost_python-py27.so
    /usr/lib/x86_64-linux-gnu/libboost_python-py27.so.1.58.0
    /usr/lib/x86_64-linux-gnu/libboost_python-py35.a
    /usr/lib/x86_64-linux-gnu/libboost_python-py35.so
    /usr/lib/x86_64-linux-gnu/libboost_python-py35.so.1.58.0
    /usr/lib/x86_64-linux-gnu/libboost_python.a
    /usr/lib/x86_64-linux-gnu/libboost_python.so
    /usr/lib/x86_64-linux-gnu/libboost_random.a
    /usr/lib/x86_64-linux-gnu/libboost_random.so
    /usr/lib/x86_64-linux-gnu/libboost_random.so.1.58.0
    /usr/lib/x86_64-linux-gnu/libboost_regex.a
    /usr/lib/x86_64-linux-gnu/libboost_regex.so
    /usr/lib/x86_64-linux-gnu/libboost_regex.so.1.58.0
    /usr/lib/x86_64-linux-gnu/libboost_serialization.a
    /usr/lib/x86_64-linux-gnu/libboost_serialization.so
    /usr/lib/x86_64-linux-gnu/libboost_serialization.so.1.58.0
    /usr/lib/x86_64-linux-gnu/libboost_signals.a
    /usr/lib/x86_64-linux-gnu/libboost_signals.so
    /usr/lib/x86_64-linux-gnu/libboost_signals.so.1.58.0
    /usr/lib/x86_64-linux-gnu/libboost_system.a
    /usr/lib/x86_64-linux-gnu/libboost_system.so
    /usr/lib/x86_64-linux-gnu/libboost_system.so.1.58.0
    /usr/lib/x86_64-linux-gnu/libboost_test_exec_monitor.a
    /usr/lib/x86_64-linux-gnu/libboost_thread.a
    /usr/lib/x86_64-linux-gnu/libboost_thread.so
    /usr/lib/x86_64-linux-gnu/libboost_thread.so.1.58.0
    /usr/lib/x86_64-linux-gnu/libboost_timer.a
    /usr/lib/x86_64-linux-gnu/libboost_timer.so
    /usr/lib/x86_64-linux-gnu/libboost_timer.so.1.58.0
    /usr/lib/x86_64-linux-gnu/libboost_unit_test_framework.a
    /usr/lib/x86_64-linux-gnu/libboost_unit_test_framework.so
    /usr/lib/x86_64-linux-gnu/libboost_unit_test_framework.so.1.58.0
    /usr/lib/x86_64-linux-gnu/libboost_wave.a
    /usr/lib/x86_64-linux-gnu/libboost_wave.so
    /usr/lib/x86_64-linux-gnu/libboost_wave.so.1.58.0
    /usr/lib/x86_64-linux-gnu/libboost_wserialization.a
    /usr/lib/x86_64-linux-gnu/libboost_wserialization.so
    /usr/lib/x86_64-linux-gnu/libboost_wserialization.so.1.58.0
Trying pattern boost_system(-gcc[0-9]{0,3})+(-1_58)+
Trying pattern boost_system(-1_58)+
Trying pattern boost_system(-1_58)+
Trying pattern boost_system(-gcc[0-9]{0,3})+
Trying pattern boost_system
Found boost lib libboost_system.a
Trying pattern boost_iostreams(-gcc[0-9]{0,3})+(-1_58)+
Trying pattern boost_iostreams(-1_58)+
Trying pattern boost_iostreams(-1_58)+
Trying pattern boost_iostreams(-gcc[0-9]{0,3})+
Trying pattern boost_iostreams
Found boost lib libboost_iostreams.a
Trying pattern boost_filesystem(-gcc[0-9]{0,3})+(-1_58)+
Trying pattern boost_filesystem(-1_58)+
Trying pattern boost_filesystem(-1_58)+
Trying pattern boost_filesystem(-gcc[0-9]{0,3})+
Trying pattern boost_filesystem
Found boost lib libboost_filesystem.a
Trying pattern boost_random(-gcc[0-9]{0,3})+(-1_58)+
Trying pattern boost_random(-1_58)+
Trying pattern boost_random(-1_58)+
Trying pattern boost_random(-gcc[0-9]{0,3})+
Trying pattern boost_random
Found boost lib libboost_random.a
ok
----------------------------------------
Checking for boost linkage
==>

#include <boost/system/error_code.hpp>
int main() { boost::system::error_code c; }

<==
[1/2] [32mcxx: build/.conf_check_0e263e90c2449d9643fa57931cb06d6d/test.cpp -> build/.conf_check_0e263e90c2449d9643fa57931cb06d6d/testbuild/test.cpp.1.o
[0m
['/usr/bin/g++', '-std=c++0x', '-std=c++14', '-pedantic', '-Wall', '-O2', '-g', '-I/usr/include', '-DHAVE_NDN_CXX=1', '-DHAVE_GSTREAMER=1', '-DHAVE_GSTREAMERAPP=1', '-DHAVE_CONSUMERPRODUCERAPI=1', '../test.cpp', '-c', '-o', 'test.cpp.1.o']
[2/2] [33mcxxprogram: build/.conf_check_0e263e90c2449d9643fa57931cb06d6d/testbuild/test.cpp.1.o -> build/.conf_check_0e263e90c2449d9643fa57931cb06d6d/testbuild/testprog
[0m
['/usr/bin/g++', 'test.cpp.1.o', '-o', '/home/ndnlive/Documents/NDNlive/build/.conf_check_0e263e90c2449d9643fa57931cb06d6d/testbuild/testprog', '-Wl,-Bstatic', '-Wl,-Bdynamic', '-L/usr/lib/x86_64-linux-gnu', '-lboost_system', '-lboost_iostreams', '-lboost_filesystem', '-lboost_random']
ok
----------------------------------------
Checking for program doxygen
not found
find program=['doxygen'] paths=['/home/ndnlive/bin', '/home/ndnlive/.local/bin', '/usr/local/sbin', '/usr/local/bin', '/usr/sbin', '/usr/bin', '/sbin', '/bin', '/usr/games', '/usr/local/games', '/snap/bin'] var='DOXYGEN' -> ''
from /home/ndnlive/Documents/NDNlive: Could not find the program doxygen
----------------------------------------
Checking for program tar
/bin/tar
find program=['tar'] paths=['/home/ndnlive/bin', '/home/ndnlive/.local/bin', '/usr/local/sbin', '/usr/local/bin', '/usr/sbin', '/usr/bin', '/sbin', '/bin', '/usr/games', '/usr/local/games', '/snap/bin'] var='TAR' -> '/bin/tar'
